<?xml version="1.0" encoding="UTF-8"?>
<!-- Generated by org.testng.reporters.JUnitReportReporter -->
<testsuite hostname="Sasi" failures="0" tests="1" name="Scripts.Testcase2" time="5.892" errors="0" timestamp="2023-10-27T11:00:20 IST" skipped="0">
  <testcase classname="Scripts.Testcase2" name="tc2" time="5.892"/>
</testsuite> <!-- Scripts.Testcase2 -->
