<?xml version="1.0" encoding="UTF-8"?>
<!-- Generated by org.testng.reporters.JUnitReportReporter -->
<testsuite hostname="Sasi" failures="0" tests="1" name="Scripts.TestCase1" time="55.129" errors="0" timestamp="2023-10-27T10:26:57 IST" skipped="0">
  <testcase classname="Scripts.TestCase1" name="tc1" time="55.129"/>
</testsuite> <!-- Scripts.TestCase1 -->
